<?xml version="1.0" encoding="UTF-8"?>
<!-- Generated by org.testng.reporters.JUnitReportReporter -->
<testsuite hostname="CHDSEZ386981L" failures="0" tests="1" name="readExcelFile.ReadXlsFile" time="1.082" errors="0" timestamp="2021-08-31T09:40:49 IST" skipped="0">
  <testcase classname="readExcelFile.ReadXlsFile" name="getRowCount" time="1.082"/>
  <system-out/>
</testsuite> <!-- readExcelFile.ReadXlsFile -->
