<?xml version="1.0" encoding="UTF-8"?>
<!-- Generated by org.testng.reporters.JUnitReportReporter -->
<testsuite hostname="CHDSEZ386981L" failures="0" tests="1" name="questionTwo.FightUI" time="8.836" errors="0" timestamp="2021-08-31T12:58:31 IST" skipped="0">
  <testcase classname="questionTwo.FightUI" name="test" time="8.836"/>
  <system-out/>
</testsuite> <!-- questionTwo.FightUI -->
