<?xml version="1.0" encoding="UTF-8"?>
<!-- Generated by org.testng.reporters.JUnitReportReporter -->
<testsuite hostname="CHDSEZ386981L" failures="0" tests="1" name="testing.ExtentReports" time="0.106" errors="0" timestamp="2021-08-30T20:28:47 IST" skipped="0">
  <testcase classname="testing.ExtentReports" name="reporting" time="0.106"/>
  <system-out/>
</testsuite> <!-- testing.ExtentReports -->
